2017/06/29 22:38:26 socat[53611] E exactly 2 addresses required (there are 4); use option "-h" for help
2017/06/29 22:39:43 socat[54066] E exactly 2 addresses required (there are 3); use option "-h" for help
./deploy.sh: 2: ./deploy.sh: ec:./brop: not found
2017/06/29 23:03:14 socat[56624] E write(6, 0x1311410, 21): Broken pipe
2017/06/29 23:07:32 socat[58145] E write(6, 0x1311410, 21): Broken pipe
2017/06/29 23:27:42 socat[60753] E write(6, 0x1311410, 21): Broken pipe
2017/06/29 23:37:52 socat[61653] E write(6, 0x1311410, 21): Broken pipe
2017/07/02 09:10:08 socat[5417] E write(6, 0xc62410, 1): Broken pipe
2017/07/02 09:10:11 socat[5252] E write(6, 0xc62410, 21): Broken pipe
2017/07/02 09:10:12 socat[5420] E write(6, 0xc62410, 21): Broken pipe
2017/07/02 09:10:39 socat[5554] E write(6, 0xc62410, 21): Broken pipe
2017/07/02 09:16:15 socat[5678] E write(6, 0xc62410, 21): Broken pipe
2017/07/02 09:19:34 socat[6127] E write(6, 0xc62410, 21): Broken pipe
2017/07/02 09:19:34 socat[6124] E write(6, 0xc62410, 21): Broken pipe
2017/07/02 09:19:58 socat[6194] E write(6, 0xc62410, 21): Broken pipe
2017/07/02 09:21:21 socat[6347] E write(6, 0xc62410, 21): Broken pipe
2017/07/02 09:21:21 socat[6476] E write(6, 0xc62410, 21): Broken pipe
2017/07/02 09:21:21 socat[6321] E write(6, 0xc62410, 21): Broken pipe
2017/07/02 09:21:21 socat[6425] E write(6, 0xc62410, 21): Broken pipe
2017/07/02 09:21:21 socat[6374] E write(6, 0xc62410, 21): Broken pipe
2017/07/02 09:21:21 socat[6428] E write(6, 0xc62410, 21): Broken pipe
2017/07/02 09:21:21 socat[6455] E write(6, 0xc62410, 21): Broken pipe
2017/07/02 09:21:21 socat[6494] E write(6, 0xc62410, 21): Broken pipe
2017/07/02 09:21:21 socat[6395] E write(6, 0xc62410, 21): Broken pipe
2017/07/02 09:21:21 socat[6407] E write(6, 0xc62410, 21): Broken pipe
2017/07/02 09:21:21 socat[6422] E write(6, 0xc62410, 21): Broken pipe
2017/07/02 09:21:21 socat[6419] E write(6, 0xc62410, 21): Broken pipe
2017/07/02 09:21:21 socat[6548] E write(6, 0xc62410, 21): Broken pipe
2017/07/02 09:21:21 socat[6566] E write(6, 0xc62410, 21): Broken pipe
2017/07/02 09:21:22 socat[6623] E write(6, 0xc62410, 21): Broken pipe
2017/07/02 09:21:22 socat[6626] E write(6, 0xc62410, 21): Broken pipe
2017/07/02 09:21:22 socat[6635] E write(6, 0xc62410, 21): Broken pipe
2017/07/02 09:21:22 socat[6677] E write(6, 0xc62410, 21): Broken pipe
2017/07/02 09:21:25 socat[7326] E write(6, 0xc62410, 21): Broken pipe
2017/07/02 09:21:27 socat[7278] E write(6, 0xc62410, 21): Broken pipe
2017/07/02 09:21:30 socat[7188] E write(6, 0xc62410, 21): Broken pipe
2017/07/02 09:21:27 socat[7317] E write(6, 0xc62410, 21): Broken pipe
2017/07/02 09:21:30 socat[7176] E write(6, 0xc62410, 21): Broken pipe
2017/07/02 09:21:30 socat[7182] E write(6, 0xc62410, 21): Broken pipe
2017/07/02 09:21:30 socat[7248] E write(6, 0xc62410, 21): Broken pipe
2017/07/02 09:21:31 socat[7212] E write(6, 0xc62410, 21): Broken pipe
2017/07/02 09:21:39 socat[7155] E write(6, 0xc62410, 21): Broken pipe
2017/07/02 09:21:47 socat[7104] E write(6, 0xc62410, 21): Broken pipe
2017/07/02 09:21:47 socat[7059] E write(6, 0xc62410, 21): Broken pipe
2017/07/02 09:21:47 socat[6992] E write(6, 0xc62410, 21): Broken pipe
2017/07/02 09:21:47 socat[6884] E write(6, 0xc62410, 21): Broken pipe
2017/07/02 09:21:47 socat[6845] E write(6, 0xc62410, 21): Broken pipe
2017/07/02 09:21:49 socat[6746] E write(6, 0xc62410, 1): Broken pipe
2017/07/02 09:21:47 socat[6836] E write(6, 0xc62410, 21): Broken pipe
2017/07/02 09:21:47 socat[6863] E write(6, 0xc62410, 21): Broken pipe
2017/07/02 09:21:47 socat[6920] E write(6, 0xc62410, 21): Broken pipe
2017/07/02 09:21:47 socat[6770] E write(6, 0xc62410, 21): Broken pipe
2017/07/02 09:21:47 socat[6773] E write(6, 0xc62410, 21): Broken pipe
2017/07/02 09:21:47 socat[7125] E write(6, 0xc62410, 21): Broken pipe
2017/07/02 09:21:47 socat[6875] E write(6, 0xc62410, 21): Broken pipe
2017/07/02 09:21:47 socat[6950] E write(6, 0xc62410, 21): Broken pipe
2017/07/02 09:21:47 socat[7131] E write(6, 0xc62410, 21): Broken pipe
2017/07/02 09:21:47 socat[6881] E write(6, 0xc62410, 21): Broken pipe
2017/07/02 09:21:47 socat[7007] E write(6, 0xc62410, 21): Broken pipe
2017/07/02 09:22:49 socat[9713] E write(6, 0xc62410, 21): Broken pipe
2017/07/02 09:22:49 socat[9680] E write(6, 0xc62410, 21): Broken pipe
2017/07/02 09:22:49 socat[9689] E write(6, 0xc62410, 21): Broken pipe
2017/07/02 09:22:49 socat[9623] E write(6, 0xc62410, 21): Broken pipe
2017/07/02 09:22:49 socat[9614] E write(6, 0xc62410, 21): Broken pipe
2017/07/02 09:22:49 socat[9593] E write(6, 0xc62410, 21): Broken pipe
2017/07/02 09:22:50 socat[9500] E write(6, 0xc62410, 21): Broken pipe
2017/07/02 09:22:50 socat[9467] E write(6, 0xc62410, 21): Broken pipe
2017/07/02 09:22:50 socat[9452] E write(6, 0xc62410, 21): Broken pipe
2017/07/02 09:22:50 socat[9380] E write(6, 0xc62410, 21): Broken pipe
2017/07/02 09:22:51 socat[9329] E write(6, 0xc62410, 21): Broken pipe
2017/07/02 09:22:51 socat[9446] E write(6, 0xc62410, 21): Broken pipe
2017/07/02 09:22:51 socat[9344] E write(6, 0xc62410, 21): Broken pipe
2017/07/02 09:22:51 socat[9269] E write(6, 0xc62410, 21): Broken pipe
2017/07/02 09:22:51 socat[9245] E write(6, 0xc62410, 21): Broken pipe
2017/07/02 09:22:51 socat[9227] E write(6, 0xc62410, 21): Broken pipe
2017/07/02 09:22:52 socat[9218] E write(6, 0xc62410, 21): Broken pipe
2017/07/02 09:22:52 socat[9233] E write(6, 0xc62410, 21): Broken pipe
2017/07/02 09:22:53 socat[9101] E write(6, 0xc62410, 21): Broken pipe
2017/07/02 09:22:53 socat[9119] E write(6, 0xc62410, 21): Broken pipe
2017/07/02 09:22:54 socat[9353] E write(6, 0xc62410, 1): Broken pipe
2017/07/02 09:22:56 socat[8285] E write(6, 0xc62410, 1): Broken pipe
2017/07/02 09:22:56 socat[8339] E write(6, 0xc62410, 21): Broken pipe
2017/07/02 09:23:06 socat[8579] E write(6, 0xc62410, 21): Broken pipe
2017/07/02 09:23:06 socat[8642] E write(6, 0xc62410, 21): Broken pipe
2017/07/02 09:23:05 socat[9014] E write(6, 0xc62410, 21): Broken pipe
2017/07/02 09:23:06 socat[8807] E write(6, 0xc62410, 21): Broken pipe
2017/07/02 09:23:06 socat[8174] E write(6, 0xc62410, 21): Broken pipe
2017/07/02 09:23:06 socat[8993] E write(6, 0xc62410, 21): Broken pipe
2017/07/02 09:23:06 socat[8903] E write(6, 0xc62410, 21): Broken pipe
2017/07/02 09:23:05 socat[9059] E write(6, 0xc62410, 21): Broken pipe
2017/07/02 09:23:05 socat[8879] E write(6, 0xc62410, 21): Broken pipe
2017/07/02 09:23:05 socat[9020] E write(6, 0xc62410, 21): Broken pipe
2017/07/02 09:23:05 socat[8840] E write(6, 0xc62410, 21): Broken pipe
2017/07/02 09:23:05 socat[8738] E write(6, 0xc62410, 21): Broken pipe
2017/07/02 09:23:05 socat[8534] E write(6, 0xc62410, 21): Broken pipe
2017/07/02 09:23:05 socat[8819] E write(6, 0xc62410, 21): Broken pipe
2017/07/02 09:23:05 socat[8786] E write(6, 0xc62410, 21): Broken pipe
2017/07/02 09:23:05 socat[9074] E write(6, 0xc62410, 21): Broken pipe
2017/07/02 09:23:05 socat[9083] E write(6, 0xc62410, 21): Broken pipe
2017/07/02 09:23:05 socat[8684] E write(6, 0xc62410, 21): Broken pipe
2017/07/02 09:23:05 socat[8474] E write(6, 0xc62410, 21): Broken pipe
2017/07/02 09:23:05 socat[8699] E write(6, 0xc62410, 21): Broken pipe
2017/07/02 09:23:05 socat[8663] E write(6, 0xc62410, 21): Broken pipe
2017/07/02 09:25:52 socat[13458] E write(6, 0xc62410, 21): Broken pipe
2017/07/02 09:25:52 socat[13416] E write(6, 0xc62410, 21): Broken pipe
2017/07/02 09:25:52 socat[13395] E write(6, 0xc62410, 21): Broken pipe
2017/07/02 09:25:52 socat[13317] E write(6, 0xc62410, 21): Broken pipe
2017/07/02 09:25:52 socat[13314] E write(6, 0xc62410, 21): Broken pipe
2017/07/02 09:25:52 socat[13308] E write(6, 0xc62410, 21): Broken pipe
2017/07/02 09:25:52 socat[13305] E write(6, 0xc62410, 21): Broken pipe
2017/07/02 09:25:53 socat[13245] E write(6, 0xc62410, 21): Broken pipe
2017/07/02 09:25:53 socat[13248] E write(6, 0xc62410, 21): Broken pipe
2017/07/02 09:25:54 socat[13191] E write(6, 0xc62410, 21): Broken pipe
2017/07/02 09:25:54 socat[13137] E write(6, 0xc62410, 1): Broken pipe
2017/07/02 09:25:54 socat[13128] E write(6, 0xc62410, 21): Broken pipe
2017/07/02 09:25:54 socat[13101] E write(6, 0xc62410, 21): Broken pipe
2017/07/02 09:25:54 socat[13095] E write(6, 0xc62410, 21): Broken pipe
2017/07/02 09:25:54 socat[13092] E write(6, 0xc62410, 21): Broken pipe
2017/07/02 09:25:54 socat[13062] E write(6, 0xc62410, 21): Broken pipe
2017/07/02 09:25:55 socat[13059] E write(6, 0xc62410, 21): Broken pipe
2017/07/02 09:25:55 socat[13050] E write(6, 0xc62410, 21): Broken pipe
2017/07/02 09:25:55 socat[13008] E write(6, 0xc62410, 21): Broken pipe
2017/07/02 09:25:55 socat[12975] E write(6, 0xc62410, 21): Broken pipe
2017/07/02 09:25:56 socat[12900] E write(6, 0xc62410, 21): Broken pipe
2017/07/02 09:25:56 socat[12909] E write(6, 0xc62410, 21): Broken pipe
2017/07/02 09:25:56 socat[12846] E write(6, 0xc62410, 21): Broken pipe
2017/07/02 09:25:57 socat[12831] E write(6, 0xc62410, 21): Broken pipe
2017/07/02 09:25:57 socat[12828] E write(6, 0xc62410, 21): Broken pipe
2017/07/02 09:25:58 socat[12711] E write(6, 0xc62410, 21): Broken pipe
2017/07/02 09:25:59 socat[12660] E write(6, 0xc62410, 21): Broken pipe
2017/07/02 09:25:59 socat[12672] E write(6, 0xc62410, 21): Broken pipe
2017/07/02 09:25:59 socat[12654] E write(6, 0xc62410, 21): Broken pipe
2017/07/02 09:26:06 socat[12381] E write(6, 0xc62410, 21): Broken pipe
2017/07/02 09:26:07 socat[12345] E write(6, 0xc62410, 21): Broken pipe
2017/07/02 09:26:10 socat[12303] E write(6, 0xc62410, 21): Broken pipe
2017/07/02 09:26:11 socat[12270] E write(6, 0xc62410, 21): Broken pipe
2017/07/02 09:26:15 socat[12240] E write(6, 0xc62410, 21): Broken pipe
2017/07/02 09:26:15 socat[12252] E write(6, 0xc62410, 21): Broken pipe
2017/07/02 09:26:15 socat[12204] E write(6, 0xc62410, 21): Broken pipe
2017/07/02 09:26:15 socat[12186] E write(6, 0xc62410, 21): Broken pipe
2017/07/02 09:26:18 socat[11946] E write(6, 0xc62410, 21): Broken pipe
2017/07/02 09:26:20 socat[11655] E write(6, 0xc62410, 1): Broken pipe
2017/07/02 09:26:17 socat[12057] E write(6, 0xc62410, 21): Broken pipe
2017/07/02 09:26:17 socat[12015] E write(6, 0xc62410, 21): Broken pipe
2017/07/02 09:26:17 socat[12051] E write(6, 0xc62410, 21): Broken pipe
2017/07/02 09:26:09 socat[12339] E write(6, 0xc62410, 21): Broken pipe
2017/07/02 09:26:18 socat[11886] E write(6, 0xc62410, 21): Broken pipe
2017/07/02 09:26:19 socat[11904] E write(6, 0xc62410, 21): Broken pipe
2017/07/02 09:26:19 socat[11790] E write(6, 0xc62410, 21): Broken pipe
2017/07/02 09:26:20 socat[11766] E write(6, 0xc62410, 21): Broken pipe
2017/07/02 09:26:20 socat[11673] E write(6, 0xc62410, 21): Broken pipe
2017/07/02 09:26:20 socat[11667] E write(6, 0xc62410, 21): Broken pipe
2017/07/02 09:26:20 socat[11583] E write(6, 0xc62410, 21): Broken pipe
2017/07/02 09:26:21 socat[11493] E write(6, 0xc62410, 21): Broken pipe
2017/07/02 09:26:21 socat[11349] E write(6, 0xc62410, 21): Broken pipe
2017/07/02 09:26:21 socat[11427] E write(6, 0xc62410, 21): Broken pipe
2017/07/02 09:26:21 socat[11409] E write(6, 0xc62410, 21): Broken pipe
2017/07/02 09:26:21 socat[11484] E write(6, 0xc62410, 21): Broken pipe
2017/07/02 09:26:21 socat[11478] E write(6, 0xc62410, 21): Broken pipe
2017/07/02 09:26:09 socat[12363] E write(6, 0xc62410, 21): Broken pipe
2017/07/02 09:26:24 socat[11247] E write(6, 0xc62410, 21): Broken pipe
2017/07/02 09:26:25 socat[10908] E write(6, 0xc62410, 21): Broken pipe
2017/07/02 09:26:25 socat[10842] E write(6, 0xc62410, 21): Broken pipe
2017/07/02 09:26:26 socat[10626] E write(6, 0xc62410, 21): Broken pipe
2017/07/02 09:26:26 socat[10416] E write(6, 0xc62410, 21): Broken pipe
2017/07/02 09:26:21 socat[11367] E write(6, 0xc62410, 21): Broken pipe
2017/07/02 09:26:26 socat[10485] E write(6, 0xc62410, 21): Broken pipe
2017/07/02 09:26:26 socat[10533] E write(6, 0xc62410, 21): Broken pipe
2017/07/02 09:26:24 socat[11112] E write(6, 0xc62410, 21): Broken pipe
2017/07/02 09:26:25 socat[10818] E write(6, 0xc62410, 21): Broken pipe
2017/07/02 09:26:25 socat[10719] E write(6, 0xc62410, 21): Broken pipe
2017/07/02 09:26:24 socat[11061] E write(6, 0xc62410, 21): Broken pipe
2017/07/02 09:26:25 socat[10785] E write(6, 0xc62410, 21): Broken pipe
2017/07/02 09:26:26 socat[10758] E write(6, 0xc62410, 21): Broken pipe
2017/07/02 09:26:24 socat[11052] E write(6, 0xc62410, 21): Broken pipe
2017/07/02 09:26:08 socat[12297] E write(6, 0xc62410, 21): Broken pipe
2017/07/02 09:26:21 socat[11490] E write(6, 0xc62410, 21): Broken pipe
2017/07/02 09:33:45 socat[14731] E write(6, 0xc62410, 1): Broken pipe
2017/07/02 09:33:46 socat[14774] E write(6, 0xc62410, 20): Broken pipe
2017/07/02 09:33:46 socat[14795] E write(6, 0xc62410, 20): Broken pipe
2017/07/02 09:33:47 socat[14810] E write(6, 0xc62410, 20): Broken pipe
2017/07/02 09:33:47 socat[14835] E write(6, 0xc62410, 20): Broken pipe
2017/07/02 09:33:52 socat[15060] E write(6, 0xc62410, 20): Broken pipe
2017/07/02 09:33:53 socat[15095] E write(6, 0xc62410, 21): Broken pipe
2017/07/02 09:33:53 socat[15102] E write(6, 0xc62410, 20): Broken pipe
2017/07/02 09:33:58 socat[15287] E write(6, 0xc62410, 39): Broken pipe
2017/07/02 09:34:00 socat[15372] E write(6, 0xc62410, 20): Broken pipe
2017/07/02 09:34:02 socat[15418] E write(6, 0xc62410, 1): Broken pipe
2017/07/02 09:34:08 socat[15626] E write(6, 0xc62410, 1): Broken pipe
2017/07/02 09:34:10 socat[15662] E write(6, 0xc62410, 1): Broken pipe
2017/07/02 09:34:15 socat[15822] E write(6, 0xc62410, 1): Broken pipe
2017/07/02 09:34:16 socat[15858] E write(6, 0xc62410, 1): Broken pipe
2017/07/02 09:34:17 socat[15898] E write(6, 0xc62410, 20): Broken pipe
2017/07/02 09:34:19 socat[16005] E write(6, 0xc62410, 20): Broken pipe
2017/07/02 09:34:22 socat[16097] E write(6, 0xc62410, 1): Broken pipe
2017/07/02 09:34:24 socat[16173] E write(6, 0xc62410, 20): Broken pipe
2017/07/02 09:34:26 socat[16232] E write(6, 0xc62410, 39): Broken pipe
2017/07/02 09:34:27 socat[16284] E write(6, 0xc62410, 1): Broken pipe
2017/07/02 09:34:28 socat[16292] E write(6, 0xc62410, 20): Broken pipe
2017/07/02 09:34:29 socat[16316] E write(6, 0xc62410, 20): Broken pipe
2017/07/02 09:34:34 socat[16493] E write(6, 0xc62410, 1): Broken pipe
2017/07/02 09:34:38 socat[16670] E write(6, 0xc62410, 20): Broken pipe
2017/07/02 09:34:45 socat[16890] E write(6, 0xc62410, 20): Broken pipe
2017/07/02 09:34:46 socat[16937] E write(6, 0xc62410, 1): Broken pipe
2017/07/02 09:34:47 socat[16974] E write(6, 0xc62410, 20): Broken pipe
2017/07/02 09:34:51 socat[17102] E write(6, 0xc62410, 1): Broken pipe
2017/07/02 09:34:52 socat[17154] E write(6, 0xc62410, 21): Broken pipe
2017/07/02 09:34:58 socat[17330] E write(6, 0xc62410, 20): Broken pipe
2017/07/02 09:35:05 socat[17568] E write(6, 0xc62410, 1): Broken pipe
2017/07/02 09:35:08 socat[17685] E write(6, 0xc62410, 20): Broken pipe
2017/07/02 09:35:09 socat[17732] E write(6, 0xc62410, 1): Broken pipe
2017/07/02 09:35:10 socat[17753] E write(6, 0xc62410, 20): Broken pipe
2017/07/02 09:35:14 socat[17909] E write(6, 0xc62410, 1): Broken pipe
2017/07/02 09:35:15 socat[17953] E write(6, 0xc62410, 20): Broken pipe
2017/07/02 09:35:19 socat[18085] E write(6, 0xc62410, 1): Broken pipe
2017/07/02 09:35:21 socat[18169] E write(6, 0xc62410, 20): Broken pipe
2017/07/02 09:35:28 socat[18389] E write(6, 0xc62410, 1): Broken pipe
2017/07/02 09:35:28 socat[18397] E write(6, 0xc62410, 20): Broken pipe
2017/07/02 09:35:29 socat[18445] E write(6, 0xc62410, 20): Broken pipe
2017/07/02 09:35:32 socat[18538] E write(6, 0xc62410, 20): Broken pipe
2017/07/02 09:35:34 socat[18634] E write(6, 0xc62410, 1): Broken pipe
2017/07/02 09:35:36 socat[18674] E write(6, 0xc62410, 21): Broken pipe
2017/07/02 09:35:37 socat[18698] E write(6, 0xc62410, 20): Broken pipe
2017/07/02 09:35:38 socat[18718] E write(6, 0xc62410, 20): Broken pipe
2017/07/02 09:35:40 socat[18799] E write(6, 0xc62410, 1): Broken pipe
2017/07/02 09:35:41 socat[18815] E write(6, 0xc62410, 20): Broken pipe
2017/07/02 09:35:44 socat[18927] E write(6, 0xc62410, 1): Broken pipe
2017/07/02 09:35:45 socat[18946] E write(6, 0xc62410, 20): Broken pipe
2017/07/02 09:35:45 socat[18950] E write(6, 0xc62410, 20): Broken pipe
2017/07/02 09:35:45 socat[18958] E write(6, 0xc62410, 1): Broken pipe
2017/07/02 09:35:45 socat[18968] E write(6, 0xc62410, 1): Broken pipe
2017/07/02 09:35:46 socat[18973] E write(6, 0xc62410, 20): Broken pipe
2017/07/02 09:35:46 socat[18977] E write(6, 0xc62410, 1): Broken pipe
2017/07/02 09:35:46 socat[18981] E write(6, 0xc62410, 20): Broken pipe
2017/07/02 09:35:46 socat[18985] E write(6, 0xc62410, 1): Broken pipe
2017/07/02 09:35:47 socat[19008] E write(6, 0xc62410, 21): Broken pipe
2017/07/02 09:35:47 socat[19017] E write(6, 0xc62410, 20): Broken pipe
2017/07/02 09:35:47 socat[19029] E write(6, 0xc62410, 20): Broken pipe
2017/07/02 09:35:48 socat[19049] E write(6, 0xc62410, 20): Broken pipe
2017/07/02 09:35:48 socat[19057] E write(6, 0xc62410, 20): Broken pipe
2017/07/02 09:35:49 socat[19065] E write(6, 0xc62410, 1): Broken pipe
2017/07/02 09:35:49 socat[19093] E write(6, 0xc62410, 20): Broken pipe
2017/07/02 09:35:50 socat[19109] E write(6, 0xc62410, 1): Broken pipe
2017/07/02 09:35:50 socat[19113] E write(6, 0xc62410, 20): Broken pipe
2017/07/02 09:35:50 socat[19117] E write(6, 0xc62410, 1): Broken pipe
2017/07/02 09:35:51 socat[19152] E write(6, 0xc62410, 1): Broken pipe
2017/07/02 09:35:53 socat[19224] E write(6, 0xc62410, 20): Broken pipe
2017/07/02 09:35:53 socat[19228] E write(6, 0xc62410, 20): Broken pipe
2017/07/02 09:35:53 socat[19232] E write(6, 0xc62410, 20): Broken pipe
2017/07/02 09:35:55 socat[19304] E write(6, 0xc62410, 20): Broken pipe
2017/07/02 09:35:58 socat[19388] E write(6, 0xc62410, 20): Broken pipe
2017/07/02 09:35:58 socat[19412] E write(6, 0xc62410, 1): Broken pipe
2017/07/02 09:36:00 socat[19476] E write(6, 0xc62410, 20): Broken pipe
2017/07/02 09:36:01 socat[19522] E write(6, 0xc62410, 20): Broken pipe
2017/07/02 09:36:02 socat[19538] E write(6, 0xc62410, 1): Broken pipe
2017/07/02 09:36:02 socat[19554] E write(6, 0xc62410, 1): Broken pipe
2017/07/02 09:36:03 socat[19574] E write(6, 0xc62410, 21): Broken pipe
2017/07/02 09:36:05 socat[19622] E write(6, 0xc62410, 20): Broken pipe
2017/07/02 09:36:05 socat[19630] E write(6, 0xc62410, 20): Broken pipe
2017/07/02 09:36:05 socat[19634] E write(6, 0xc62410, 20): Broken pipe
2017/07/02 09:36:07 socat[19682] E write(6, 0xc62410, 21): Broken pipe
2017/07/02 09:36:12 socat[19862] E write(6, 0xc62410, 1): Broken pipe
2017/07/02 09:36:14 socat[19905] E write(6, 0xc62410, 20): Broken pipe
2017/07/02 09:36:15 socat[19965] E write(6, 0xc62410, 20): Broken pipe
2017/07/02 09:36:16 socat[20004] E write(6, 0xc62410, 1): Broken pipe
2017/07/02 09:36:21 socat[20136] E write(6, 0xc62410, 20): Broken pipe
2017/07/02 09:36:21 socat[20148] E write(6, 0xc62410, 20): Broken pipe
2017/07/02 09:36:21 socat[20164] E write(6, 0xc62410, 20): Broken pipe
2017/07/02 09:36:22 socat[20199] E write(6, 0xc62410, 20): Broken pipe
2017/07/02 09:36:23 socat[20208] E write(6, 0xc62410, 20): Broken pipe
2017/07/02 09:36:25 socat[20300] E write(6, 0xc62410, 21): Broken pipe
2017/07/02 09:36:26 socat[20316] E write(6, 0xc62410, 21): Broken pipe
2017/07/02 09:36:26 socat[20324] E write(6, 0xc62410, 20): Broken pipe
2017/07/02 09:36:29 socat[20444] E write(6, 0xc62410, 20): Broken pipe
2017/07/02 09:36:33 socat[20558] E write(6, 0xc62410, 1): Broken pipe
2017/07/02 09:36:33 socat[20570] E write(6, 0xc62410, 20): Broken pipe
2017/07/02 09:36:33 socat[20574] E write(6, 0xc62410, 21): Broken pipe
2017/07/02 09:36:34 socat[20594] E write(6, 0xc62410, 20): Broken pipe
2017/07/02 09:36:35 socat[20642] E write(6, 0xc62410, 20): Broken pipe
2017/07/02 09:36:38 socat[20722] E write(6, 0xc62410, 20): Broken pipe
2017/07/02 09:36:39 socat[20762] E write(6, 0xc62410, 20): Broken pipe
2017/07/02 09:36:40 socat[20793] E write(6, 0xc62410, 20): Broken pipe
2017/07/02 09:36:40 socat[20802] E write(6, 0xc62410, 20): Broken pipe
2017/07/02 09:36:43 socat[20866] E write(6, 0xc62410, 1): Broken pipe
2017/07/02 09:36:43 socat[20882] E write(6, 0xc62410, 20): Broken pipe
2017/07/02 09:36:48 socat[21038] E write(6, 0xc62410, 20): Broken pipe
2017/07/02 09:36:48 socat[21042] E write(6, 0xc62410, 20): Broken pipe
2017/07/02 09:36:48 socat[21054] E write(6, 0xc62410, 20): Broken pipe
2017/07/02 09:36:48 socat[21057] E write(6, 0xc62410, 20): Broken pipe
2017/07/02 09:36:50 socat[21121] E write(6, 0xc62410, 20): Broken pipe
2017/07/02 09:36:52 socat[21193] E write(6, 0xc62410, 20): Broken pipe
2017/07/02 09:36:56 socat[21321] E write(6, 0xc62410, 1): Broken pipe
2017/07/02 09:36:58 socat[21393] E write(6, 0xc62410, 20): Broken pipe
2017/07/02 09:37:01 socat[21472] E write(6, 0xc62410, 20): Broken pipe
2017/07/02 09:37:01 socat[21477] E write(6, 0xc62410, 20): Broken pipe
2017/07/02 09:37:01 socat[21489] E write(6, 0xc62410, 21): Broken pipe
2017/07/02 09:37:02 socat[21512] E write(6, 0xc62410, 20): Broken pipe
2017/07/02 09:37:03 socat[21540] E write(6, 0xc62410, 20): Broken pipe
2017/07/02 09:37:03 socat[21556] E write(6, 0xc62410, 20): Broken pipe
2017/07/02 09:37:03 socat[21560] E write(6, 0xc62410, 20): Broken pipe
2017/07/02 09:37:04 socat[21588] E write(6, 0xc62410, 20): Broken pipe
2017/07/02 09:37:05 socat[21591] E write(6, 0xc62410, 20): Broken pipe
2017/07/02 09:37:05 socat[21596] E write(6, 0xc62410, 20): Broken pipe
2017/07/02 09:37:05 socat[21599] E write(6, 0xc62410, 20): Broken pipe
2017/07/02 09:37:05 socat[21606] E write(6, 0xc62410, 20): Broken pipe
2017/07/02 09:37:05 socat[21615] E write(6, 0xc62410, 20): Broken pipe
2017/07/02 09:37:06 socat[21643] E write(6, 0xc62410, 1): Broken pipe
2017/07/02 09:37:08 socat[21707] E write(6, 0xc62410, 21): Broken pipe
2017/07/02 09:37:10 socat[21775] E write(6, 0xc62410, 20): Broken pipe
2017/07/02 09:37:15 socat[21927] E write(6, 0xc62410, 1): Broken pipe
2017/07/02 09:37:16 socat[21963] E write(6, 0xc62410, 1): Broken pipe
2017/07/02 09:37:18 socat[22027] E write(6, 0xc62410, 21): Broken pipe
2017/07/02 09:37:20 socat[22082] E write(6, 0xc62410, 20): Broken pipe
2017/07/02 09:37:20 socat[22130] E write(6, 0xc62410, 20): Broken pipe
2017/07/02 09:37:23 socat[22185] E write(6, 0xc62410, 20): Broken pipe
2017/07/02 09:37:23 socat[22194] E write(6, 0xc62410, 1): Broken pipe
2017/07/02 09:37:23 socat[22206] E write(6, 0xc62410, 20): Broken pipe
2017/07/02 09:37:23 socat[22210] E write(6, 0xc62410, 1): Broken pipe
2017/07/02 09:37:24 socat[22214] E write(6, 0xc62410, 20): Broken pipe
2017/07/02 09:37:26 socat[22274] E write(6, 0xc62410, 1): Broken pipe
2017/07/02 09:37:26 socat[22282] E write(6, 0xc62410, 1): Broken pipe
2017/07/02 09:37:27 socat[22310] E write(6, 0xc62410, 20): Broken pipe
2017/07/02 09:37:27 socat[22321] E write(6, 0xc62410, 21): Broken pipe
2017/07/02 09:37:28 socat[22324] E write(6, 0xc62410, 1): Broken pipe
2017/07/02 09:37:28 socat[22330] E write(6, 0xc62410, 1): Broken pipe
2017/07/02 09:37:28 socat[22338] E write(6, 0xc62410, 20): Broken pipe
2017/07/02 09:37:28 socat[22346] E write(6, 0xc62410, 21): Broken pipe
2017/07/02 09:37:28 socat[22350] E write(6, 0xc62410, 20): Broken pipe
2017/07/02 09:37:28 socat[22354] E write(6, 0xc62410, 20): Broken pipe
2017/07/02 09:37:29 socat[22374] E write(6, 0xc62410, 20): Broken pipe
2017/07/02 09:37:29 socat[22378] E write(6, 0xc62410, 1): Broken pipe
2017/07/02 09:37:30 socat[22410] E write(6, 0xc62410, 20): Broken pipe
2017/07/02 09:37:31 socat[22434] E write(6, 0xc62410, 20): Broken pipe
2017/07/02 09:37:32 socat[22442] E write(6, 0xc62410, 20): Broken pipe
2017/07/02 09:37:32 socat[22446] E write(6, 0xc62410, 20): Broken pipe
2017/07/02 09:37:32 socat[22454] E write(6, 0xc62410, 20): Broken pipe
2017/07/02 09:37:32 socat[22462] E write(6, 0xc62410, 20): Broken pipe
2017/07/02 09:37:33 socat[22496] E write(6, 0xc62410, 20): Broken pipe
2017/07/02 09:37:34 socat[22528] E write(6, 0xc62410, 1): Broken pipe
2017/07/02 09:37:34 socat[22531] E write(6, 0xc62410, 1): Broken pipe
2017/07/02 09:37:35 socat[22555] E write(6, 0xc62410, 20): Broken pipe
2017/07/02 09:37:35 socat[22559] E write(6, 0xc62410, 20): Broken pipe
2017/07/02 09:37:35 socat[22563] E write(6, 0xc62410, 1): Broken pipe
2017/07/02 09:37:35 socat[22567] E write(6, 0xc62410, 20): Broken pipe
2017/07/02 09:37:36 socat[22619] E write(6, 0xc62410, 20): Broken pipe
2017/07/02 09:37:37 socat[22643] E write(6, 0xc62410, 20): Broken pipe
2017/07/02 09:37:38 socat[22659] E write(6, 0xc62410, 20): Broken pipe
2017/07/02 09:37:38 socat[22663] E write(6, 0xc62410, 1): Broken pipe
2017/07/02 09:37:39 socat[22691] E write(6, 0xc62410, 1): Broken pipe
2017/07/02 09:37:40 socat[22727] E write(6, 0xc62410, 20): Broken pipe
2017/07/02 09:37:42 socat[22783] E write(6, 0xc62410, 20): Broken pipe
2017/07/02 09:37:42 socat[22791] E write(6, 0xc62410, 1): Broken pipe
2017/07/02 09:37:44 socat[22847] E write(6, 0xc62410, 1): Broken pipe
2017/07/02 09:37:44 socat[22859] E write(6, 0xc62410, 20): Broken pipe
2017/07/02 09:37:45 socat[22878] E write(6, 0xc62410, 20): Broken pipe
2017/07/02 09:37:46 socat[22907] E write(6, 0xc62410, 1): Broken pipe
2017/07/02 09:37:46 socat[22915] E write(6, 0xc62410, 20): Broken pipe
2017/07/02 09:37:47 socat[22919] E write(6, 0xc62410, 21): Broken pipe
2017/07/02 09:37:47 socat[22927] E write(6, 0xc62410, 21): Broken pipe
2017/07/02 09:37:47 socat[22935] E write(6, 0xc62410, 20): Broken pipe
2017/07/02 09:37:49 socat[22979] E write(6, 0xc62410, 1): Broken pipe
2017/07/02 09:37:50 socat[23015] E write(6, 0xc62410, 20): Broken pipe
2017/07/02 09:37:50 socat[23031] E write(6, 0xc62410, 20): Broken pipe
2017/07/02 09:37:51 socat[23051] E write(6, 0xc62410, 20): Broken pipe
2017/07/02 09:37:51 socat[23055] E write(6, 0xc62410, 1): Broken pipe
2017/07/02 09:37:52 socat[23067] E write(6, 0xc62410, 20): Broken pipe
2017/07/02 09:37:52 socat[23079] E write(6, 0xc62410, 1): Broken pipe
2017/07/02 09:37:53 socat[23123] E write(6, 0xc62410, 1): Broken pipe
2017/07/02 09:37:54 socat[23143] E write(6, 0xc62410, 20): Broken pipe
2017/07/02 09:37:56 socat[23203] E write(6, 0xc62410, 1): Broken pipe
2017/07/02 09:37:56 socat[23208] E write(6, 0xc62410, 20): Broken pipe
2017/07/02 09:37:57 socat[23216] E write(6, 0xc62410, 20): Broken pipe
2017/07/02 09:37:57 socat[23220] E write(6, 0xc62410, 20): Broken pipe
2017/07/02 09:37:57 socat[23224] E write(6, 0xc62410, 20): Broken pipe
2017/07/02 09:37:57 socat[23232] E write(6, 0xc62410, 1): Broken pipe
2017/07/02 09:37:57 socat[23235] E write(6, 0xc62410, 20): Broken pipe
2017/07/02 09:37:57 socat[23239] E write(6, 0xc62410, 20): Broken pipe
2017/07/02 09:37:58 socat[23255] E write(6, 0xc62410, 1): Broken pipe
2017/07/02 09:37:58 socat[23259] E write(6, 0xc62410, 20): Broken pipe
2017/07/02 09:37:58 socat[23271] E write(6, 0xc62410, 1): Broken pipe
2017/07/02 09:37:59 socat[23299] E write(6, 0xc62410, 20): Broken pipe
2017/07/02 09:38:00 socat[23315] E write(6, 0xc62410, 1): Broken pipe
2017/07/02 09:38:00 socat[23319] E write(6, 0xc62410, 1): Broken pipe
2017/07/02 09:38:00 socat[23322] E write(6, 0xc62410, 20): Broken pipe
2017/07/02 09:38:01 socat[23355] E write(6, 0xc62410, 20): Broken pipe
2017/07/02 09:38:04 socat[23454] E write(6, 0xc62410, 21): Broken pipe
2017/07/02 09:38:05 socat[23506] E write(6, 0xc62410, 20): Broken pipe
2017/07/02 09:38:08 socat[23594] E write(6, 0xc62410, 20): Broken pipe
2017/07/02 09:38:10 socat[23638] E write(6, 0xc62410, 1): Broken pipe
2017/07/02 09:38:11 socat[23670] E write(6, 0xc62410, 20): Broken pipe
2017/07/02 09:38:11 socat[23682] E write(6, 0xc62410, 1): Broken pipe
2017/07/02 09:38:11 socat[23690] E write(6, 0xc62410, 20): Broken pipe
2017/07/02 09:38:13 socat[23738] E write(6, 0xc62410, 1): Broken pipe
2017/07/02 09:38:14 socat[23778] E write(6, 0xc62410, 20): Broken pipe
2017/07/02 09:38:15 socat[23802] E write(6, 0xc62410, 1): Broken pipe
2017/07/02 09:38:15 socat[23814] E write(6, 0xc62410, 20): Broken pipe
2017/07/02 09:38:15 socat[23818] E write(6, 0xc62410, 1): Broken pipe
2017/07/02 09:38:16 socat[23834] E write(6, 0xc62410, 20): Broken pipe
2017/07/02 09:38:17 socat[23866] E write(6, 0xc62410, 20): Broken pipe
2017/07/02 09:38:17 socat[23902] E write(6, 0xc62410, 20): Broken pipe
2017/07/02 09:38:19 socat[23933] E write(6, 0xc62410, 20): Broken pipe
2017/07/02 09:38:19 socat[23940] E write(6, 0xc62410, 20): Broken pipe
2017/07/02 09:38:19 socat[23949] E write(6, 0xc62410, 1): Broken pipe
2017/07/02 09:38:19 socat[23957] E write(6, 0xc62410, 1): Broken pipe
2017/07/02 09:38:19 socat[23961] E write(6, 0xc62410, 20): Broken pipe
2017/07/02 09:38:19 socat[23965] E write(6, 0xc62410, 1): Broken pipe
2017/07/02 09:38:20 socat[23972] E write(6, 0xc62410, 20): Broken pipe
2017/07/02 09:38:20 socat[23997] E write(6, 0xc62410, 20): Broken pipe
2017/07/02 09:38:21 socat[24001] E write(6, 0xc62410, 20): Broken pipe
2017/07/02 09:38:21 socat[24013] E write(6, 0xc62410, 20): Broken pipe
2017/07/02 09:38:21 socat[24017] E write(6, 0xc62410, 20): Broken pipe
2017/07/02 09:38:22 socat[24053] E write(6, 0xc62410, 20): Broken pipe
2017/07/02 09:38:24 socat[24105] E write(6, 0xc62410, 1): Broken pipe
2017/07/02 09:38:24 socat[24117] E write(6, 0xc62410, 20): Broken pipe
2017/07/02 09:38:24 socat[24133] E write(6, 0xc62410, 21): Broken pipe
2017/07/02 09:38:25 socat[24157] E write(6, 0xc62410, 20): Broken pipe
2017/07/02 09:38:25 socat[24173] E write(6, 0xc62410, 1): Broken pipe
2017/07/02 09:38:26 socat[24177] E write(6, 0xc62410, 20): Broken pipe
2017/07/02 09:38:26 socat[24181] E write(6, 0xc62410, 21): Broken pipe
2017/07/02 09:38:27 socat[24193] E write(6, 0xc62410, 20): Broken pipe
2017/07/02 09:38:27 socat[24197] E write(6, 0xc62410, 1): Broken pipe
2017/07/02 09:38:27 socat[24205] E write(6, 0xc62410, 1): Broken pipe
2017/07/02 09:38:27 socat[24213] E write(6, 0xc62410, 20): Broken pipe
2017/07/02 09:38:27 socat[24221] E write(6, 0xc62410, 20): Broken pipe
2017/07/02 09:38:28 socat[24245] E write(6, 0xc62410, 20): Broken pipe
2017/07/02 09:38:28 socat[24261] E write(6, 0xc62410, 20): Broken pipe
2017/07/02 09:38:29 socat[24309] E write(6, 0xc62410, 20): Broken pipe
2017/07/02 09:38:32 socat[24409] E write(6, 0xc62410, 1): Broken pipe
2017/07/02 09:38:33 socat[24424] E write(6, 0xc62410, 20): Broken pipe
2017/07/02 09:38:34 socat[24468] E write(6, 0xc62410, 20): Broken pipe
2017/07/02 09:38:34 socat[24492] E write(6, 0xc62410, 1): Broken pipe
2017/07/02 09:38:35 socat[24508] E write(6, 0xc62410, 1): Broken pipe
2017/07/02 09:38:35 socat[24516] E write(6, 0xc62410, 20): Broken pipe
2017/07/02 09:38:35 socat[24528] E write(6, 0xc62410, 1): Broken pipe
2017/07/02 09:38:36 socat[24532] E write(6, 0xc62410, 1): Broken pipe
2017/07/02 09:38:37 socat[24580] E write(6, 0xc62410, 20): Broken pipe
2017/07/02 09:38:37 socat[24600] E write(6, 0xc62410, 20): Broken pipe
2017/07/02 09:38:38 socat[24648] E write(6, 0xc62410, 1): Broken pipe
2017/07/02 09:38:41 socat[24740] E write(6, 0xc62410, 20): Broken pipe
2017/07/02 09:38:42 socat[24748] E write(6, 0xc62410, 20): Broken pipe
2017/07/02 09:38:42 socat[24767] E write(6, 0xc62410, 1): Broken pipe
2017/07/02 09:38:42 socat[24771] E write(6, 0xc62410, 20): Broken pipe
2017/07/02 09:38:43 socat[24791] E write(6, 0xc62410, 20): Broken pipe
2017/07/02 09:38:44 socat[24827] E write(6, 0xc62410, 20): Broken pipe
2017/07/02 09:38:44 socat[24846] E write(6, 0xc62410, 22): Broken pipe
2017/07/02 09:38:46 socat[24902] E write(6, 0xc62410, 1): Broken pipe
2017/07/02 09:38:46 socat[24906] E write(6, 0xc62410, 1): Broken pipe
2017/07/02 09:38:47 socat[24918] E write(6, 0xc62410, 1): Broken pipe
2017/07/02 09:38:47 socat[24922] E write(6, 0xc62410, 20): Broken pipe
2017/07/02 09:38:47 socat[24934] E write(6, 0xc62410, 1): Broken pipe
2017/07/02 09:38:47 socat[24958] E write(6, 0xc62410, 1): Broken pipe
2017/07/02 09:38:49 socat[25002] E write(6, 0xc62410, 20): Broken pipe
2017/07/02 09:38:50 socat[25034] E write(6, 0xc62410, 1): Broken pipe
2017/07/02 09:38:50 socat[25038] E write(6, 0xc62410, 20): Broken pipe
2017/07/02 09:38:51 socat[25066] E write(6, 0xc62410, 20): Broken pipe
2017/07/02 09:38:51 socat[25070] E write(6, 0xc62410, 20): Broken pipe
2017/07/02 09:38:52 socat[25094] E write(6, 0xc62410, 1): Broken pipe
2017/07/02 09:38:52 socat[25110] E write(6, 0xc62410, 20): Broken pipe
2017/07/02 09:38:52 socat[25114] E write(6, 0xc62410, 1): Broken pipe
2017/07/02 09:38:53 socat[25122] E write(6, 0xc62410, 39): Broken pipe
2017/07/02 09:38:53 socat[25126] E write(6, 0xc62410, 21): Broken pipe
2017/07/02 09:38:53 socat[25130] E write(6, 0xc62410, 1): Broken pipe
2017/07/02 09:38:53 socat[25134] E write(6, 0xc62410, 1): Broken pipe
2017/07/02 09:38:53 socat[25142] E write(6, 0xc62410, 20): Broken pipe
2017/07/02 09:38:56 socat[25222] E write(6, 0xc62410, 1): Broken pipe
2017/07/02 09:38:56 socat[25226] E write(6, 0xc62410, 20): Broken pipe
2017/07/02 09:38:57 socat[25242] E write(6, 0xc62410, 20): Broken pipe
2017/07/02 09:38:57 socat[25262] E write(6, 0xc62410, 20): Broken pipe
2017/07/02 09:38:58 socat[25270] E write(6, 0xc62410, 20): Broken pipe
2017/07/02 09:38:58 socat[25278] E write(6, 0xc62410, 20): Broken pipe
2017/07/02 09:38:58 socat[25286] E write(6, 0xc62410, 1): Broken pipe
2017/07/02 09:38:58 socat[25294] E write(6, 0xc62410, 1): Broken pipe
2017/07/02 09:38:58 socat[25298] E write(6, 0xc62410, 20): Broken pipe
2017/07/02 09:38:59 socat[25302] E write(6, 0xc62410, 20): Broken pipe
2017/07/02 09:38:59 socat[25306] E write(6, 0xc62410, 1): Broken pipe
2017/07/02 09:38:59 socat[25310] E write(6, 0xc62410, 20): Broken pipe
2017/07/02 09:38:59 socat[25314] E write(6, 0xc62410, 20): Broken pipe
2017/07/02 09:38:59 socat[25322] E write(6, 0xc62410, 20): Broken pipe
2017/07/02 09:38:59 socat[25326] E write(6, 0xc62410, 1): Broken pipe
2017/07/02 09:38:59 socat[25330] E write(6, 0xc62410, 20): Broken pipe
2017/07/02 09:39:02 socat[25442] E write(6, 0xc62410, 21): Broken pipe
2017/07/02 09:39:04 socat[25469] E write(6, 0xc62410, 1): Broken pipe
2017/07/02 09:39:04 socat[25501] E write(6, 0xc62410, 20): Broken pipe
2017/07/02 09:39:04 socat[25506] E write(6, 0xc62410, 20): Broken pipe
2017/07/02 09:39:05 socat[25514] E write(6, 0xc62410, 20): Broken pipe
2017/07/02 09:39:05 socat[25565] E write(6, 0xc62410, 20): Broken pipe
2017/07/02 09:39:07 socat[25605] E write(6, 0xc62410, 1): Broken pipe
2017/07/02 09:39:10 socat[25696] E write(6, 0xc62410, 1): Broken pipe
2017/07/02 09:39:10 socat[25701] E write(6, 0xc62410, 21): Broken pipe
2017/07/02 09:39:10 socat[25705] E write(6, 0xc62410, 20): Broken pipe
2017/07/02 09:39:11 socat[25717] E write(6, 0xc62410, 1): Broken pipe
2017/07/02 09:39:11 socat[25721] E write(6, 0xc62410, 20): Broken pipe
2017/07/02 09:39:11 socat[25737] E write(6, 0xc62410, 1): Broken pipe
2017/07/02 09:39:12 socat[25749] E write(6, 0xc62410, 20): Broken pipe
2017/07/02 09:39:12 socat[25753] E write(6, 0xc62410, 21): Broken pipe
2017/07/02 09:39:12 socat[25757] E write(6, 0xc62410, 20): Broken pipe
2017/07/02 09:39:12 socat[25765] E write(6, 0xc62410, 1): Broken pipe
2017/07/02 09:39:12 socat[25769] E write(6, 0xc62410, 1): Broken pipe
2017/07/02 09:39:12 socat[25773] E write(6, 0xc62410, 20): Broken pipe
2017/07/02 09:39:13 socat[25777] E write(6, 0xc62410, 20): Broken pipe
2017/07/02 09:39:13 socat[25781] E write(6, 0xc62410, 20): Broken pipe
2017/07/02 09:39:13 socat[25801] E write(6, 0xc62410, 1): Broken pipe
2017/07/02 09:39:13 socat[25805] E write(6, 0xc62410, 1): Broken pipe
2017/07/02 09:39:13 socat[25809] E write(6, 0xc62410, 1): Broken pipe
2017/07/02 09:39:14 socat[25837] E write(6, 0xc62410, 20): Broken pipe
2017/07/02 09:39:15 socat[25853] E write(6, 0xc62410, 20): Broken pipe
2017/07/02 09:39:15 socat[25873] E write(6, 0xc62410, 20): Broken pipe
2017/07/02 09:39:16 socat[25897] E write(6, 0xc62410, 20): Broken pipe
2017/07/02 09:39:17 socat[25913] E write(6, 0xc62410, 1): Broken pipe
2017/07/02 09:39:18 socat[25941] E write(6, 0xc62410, 20): Broken pipe
2017/07/02 09:39:18 socat[25945] E write(6, 0xc62410, 1): Broken pipe
2017/07/02 09:39:19 socat[25997] E write(6, 0xc62410, 1): Connection reset by peer
2017/07/02 09:39:20 socat[26008] E write(6, 0xc62410, 20): Broken pipe
2017/07/02 09:39:20 socat[26016] E write(6, 0xc62410, 1): Broken pipe
2017/07/02 09:39:21 socat[26031] E write(6, 0xc62410, 1): Broken pipe
2017/07/02 09:39:21 socat[26040] E write(6, 0xc62410, 1): Broken pipe
2017/07/02 09:39:21 socat[26044] E write(6, 0xc62410, 20): Broken pipe
2017/07/02 09:39:21 socat[26051] E write(6, 0xc62410, 20): Broken pipe
2017/07/02 09:39:22 socat[26060] E write(6, 0xc62410, 20): Broken pipe
2017/07/02 09:39:22 socat[26080] E write(6, 0xc62410, 20): Broken pipe
2017/07/02 09:39:24 socat[26124] E write(6, 0xc62410, 20): Broken pipe
2017/07/02 09:39:24 socat[26148] E write(6, 0xc62410, 1): Broken pipe
2017/07/02 09:39:25 socat[26152] E write(6, 0xc62410, 20): Broken pipe
2017/07/02 09:39:25 socat[26156] E write(6, 0xc62410, 20): Broken pipe
2017/07/02 09:39:25 socat[26160] E write(6, 0xc62410, 1): Broken pipe
2017/07/02 09:39:25 socat[26184] E write(6, 0xc62410, 1): Broken pipe
2017/07/02 09:39:27 socat[26216] E write(6, 0xc62410, 20): Broken pipe
2017/07/02 09:39:27 socat[26220] E write(6, 0xc62410, 1): Broken pipe
2017/07/02 09:39:27 socat[26224] E write(6, 0xc62410, 20): Broken pipe
2017/07/02 09:39:27 socat[26228] E write(6, 0xc62410, 20): Broken pipe
2017/07/02 09:39:28 socat[26252] E write(6, 0xc62410, 20): Broken pipe
2017/07/02 09:39:29 socat[26272] E write(6, 0xc62410, 1): Broken pipe
2017/07/02 09:39:29 socat[26288] E write(6, 0xc62410, 1): Broken pipe
2017/07/02 09:39:30 socat[26308] E write(6, 0xc62410, 20): Broken pipe
2017/07/02 09:39:31 socat[26328] E write(6, 0xc62410, 20): Broken pipe
2017/07/02 09:39:31 socat[26338] E write(6, 0xc62410, 1): Broken pipe
2017/07/02 09:39:31 socat[26346] E write(6, 0xc62410, 1): Broken pipe
2017/07/02 09:39:31 socat[26350] E write(6, 0xc62410, 1): Broken pipe
2017/07/02 09:39:33 socat[26389] E write(6, 0xc62410, 20): Broken pipe
2017/07/02 09:39:34 socat[26426] E write(6, 0xc62410, 1): Broken pipe
2017/07/02 09:39:34 socat[26430] E write(6, 0xc62410, 1): Broken pipe
2017/07/02 09:39:36 socat[26490] E write(6, 0xc62410, 20): Broken pipe
2017/07/02 09:39:36 socat[26498] E write(6, 0xc62410, 1): Broken pipe
2017/07/02 09:39:37 socat[26506] E write(6, 0xc62410, 20): Broken pipe
2017/07/02 09:39:41 socat[26640] E write(6, 0xc62410, 20): Broken pipe
2017/07/02 09:39:42 socat[26680] E write(6, 0xc62410, 20): Broken pipe
2017/07/02 09:39:42 socat[26688] E write(6, 0xc62410, 1): Broken pipe
2017/07/02 09:39:42 socat[26700] E write(6, 0xc62410, 1): Broken pipe
2017/07/02 09:39:43 socat[26720] E write(6, 0xc62410, 1): Broken pipe
2017/07/02 09:39:43 socat[26728] E write(6, 0xc62410, 1): Broken pipe
2017/07/02 09:39:44 socat[26752] E write(6, 0xc62410, 20): Broken pipe
2017/07/02 09:39:44 socat[26760] E write(6, 0xc62410, 1): Broken pipe
2017/07/02 09:39:44 socat[26764] E write(6, 0xc62410, 1): Broken pipe
2017/07/02 09:39:44 socat[26768] E write(6, 0xc62410, 1): Broken pipe
2017/07/02 09:39:44 socat[26772] E write(6, 0xc62410, 20): Broken pipe
2017/07/02 09:39:45 socat[26780] E write(6, 0xc62410, 21): Broken pipe
2017/07/02 09:39:45 socat[26804] E write(6, 0xc62410, 1): Broken pipe
2017/07/02 09:39:46 socat[26832] E write(6, 0xc62410, 1): Broken pipe
2017/07/02 09:39:47 socat[26836] E write(6, 0xc62410, 1): Broken pipe
2017/07/02 09:39:47 socat[26844] E write(6, 0xc62410, 20): Broken pipe
2017/07/02 09:39:47 socat[26856] E write(6, 0xc62410, 21): Broken pipe
2017/07/02 09:39:47 socat[26860] E write(6, 0xc62410, 20): Broken pipe
2017/07/02 09:39:47 socat[26868] E write(6, 0xc62410, 1): Broken pipe
2017/07/02 09:39:48 socat[26876] E write(6, 0xc62410, 20): Broken pipe
2017/07/02 09:39:48 socat[26880] E write(6, 0xc62410, 20): Broken pipe
2017/07/02 09:39:49 socat[26932] E write(6, 0xc62410, 1): Broken pipe
2017/07/02 09:39:51 socat[26968] E write(6, 0xc62410, 20): Broken pipe
2017/07/02 09:39:51 socat[26976] E write(6, 0xc62410, 20): Broken pipe
2017/07/02 09:39:51 socat[26984] E write(6, 0xc62410, 1): Broken pipe
2017/07/02 09:39:51 socat[26988] E write(6, 0xc62410, 20): Broken pipe
2017/07/02 09:39:51 socat[26992] E write(6, 0xc62410, 1): Broken pipe
2017/07/02 09:39:52 socat[14709] E write(6, 0xc62410, 21): Broken pipe
2017/07/02 10:38:32 socat[46171] E write(6, 0xc62410, 21): Broken pipe
2017/07/02 10:40:21 socat[46322] E write(6, 0xc62410, 21): Broken pipe
2017/07/02 10:41:15 socat[46415] E write(6, 0xc62410, 21): Broken pipe
2017/07/02 10:42:03 socat[46506] E write(6, 0xc62410, 21): Broken pipe
2017/07/02 10:48:49 socat[47136] E write(6, 0xc62410, 21): Broken pipe
2017/07/02 10:49:11 socat[47198] E write(6, 0xc62410, 21): Broken pipe
/bin/sh: 3: q: not found
2017/07/02 10:50:03 socat[47277] E write(6, 0xc62410, 20): Broken pipe
